<?xml version="1.0" encoding="UTF-8"?>
<testsuite xmlns:xsi="http://www.w3.org/2001/XMLSchema-instance" xsi:schemaLocation="https://maven.apache.org/surefire/maven-surefire-plugin/xsd/surefire-test-report.xsd" name="Scenario: Purchasing UpData via CC" time="0.053" tests="14" errors="1" skipped="13" failures="0">
  <properties>
    <property name="java.runtime.name" value="Java(TM) SE Runtime Environment"/>
    <property name="sun.boot.library.path" value="C:\Program Files\Java\jdk1.8.0_101\jre\bin"/>
    <property name="java.vm.version" value="25.101-b13"/>
    <property name="browser" value="safari"/>
    <property name="java.vm.vendor" value="Oracle Corporation"/>
    <property name="java.vendor.url" value="http://java.oracle.com/"/>
    <property name="path.separator" value=";"/>
    <property name="guice.disable.misplaced.annotation.check" value="true"/>
    <property name="java.vm.name" value="Java HotSpot(TM) 64-Bit Server VM"/>
    <property name="file.encoding.pkg" value="sun.io"/>
    <property name="user.script" value=""/>
    <property name="user.country" value="US"/>
    <property name="sun.java.launcher" value="SUN_STANDARD"/>
    <property name="sun.os.patch.level" value=""/>
    <property name="java.vm.specification.name" value="Java Virtual Machine Specification"/>
    <property name="user.dir" value="C:\Users\Saravanan Valliappan\workspace\MINT_AccountManagement"/>
    <property name="java.runtime.version" value="1.8.0_101-b13"/>
    <property name="java.awt.graphicsenv" value="sun.awt.Win32GraphicsEnvironment"/>
    <property name="java.endorsed.dirs" value="C:\Program Files\Java\jdk1.8.0_101\jre\lib\endorsed"/>
    <property name="os.arch" value="amd64"/>
    <property name="java.io.tmpdir" value="C:\Users\SARAVA~1\AppData\Local\Temp\"/>
    <property name="line.separator" value="&#10;"/>
    <property name="java.vm.specification.vendor" value="Oracle Corporation"/>
    <property name="user.variant" value=""/>
    <property name="os.name" value="Windows 10"/>
    <property name="classworlds.conf" value="C:\Users\Saravanan Valliappan\workspace\.metadata\.plugins\org.eclipse.m2e.launching\launches\m2conf6870210300074108394.tmp"/>
    <property name="sun.jnu.encoding" value="Cp1252"/>
    <property name="java.library.path" value="C:\Program Files\Java\jdk1.8.0_101\bin;C:\WINDOWS\Sun\Java\bin;C:\WINDOWS\system32;C:\WINDOWS;C:/Program Files/Java/jre1.8.0_101/bin/server;C:/Program Files/Java/jre1.8.0_101/bin;C:/Program Files/Java/jre1.8.0_101/lib/amd64;C:\ProgramData\Oracle\Java\javapath;C:\Program Files (x86)\Intel\iCLS Client\;C:\Program Files\Intel\iCLS Client\;C:\WINDOWS\system32;C:\WINDOWS;C:\WINDOWS\System32\Wbem;C:\WINDOWS\System32\WindowsPowerShell\v1.0\;C:\Program Files (x86)\Intel\Intel(R) Management Engine Components\DAL;C:\Program Files\Intel\Intel(R) Management Engine Components\DAL;C:\Program Files (x86)\Intel\Intel(R) Management Engine Components\IPT;C:\Program Files\Intel\Intel(R) Management Engine Components\IPT;C:\Program Files\Java\jdk1.8.0_101\bin;C:\Program Files (x86)\Common Files\lenovo\easyplussdk\bin;C:\Program Files (x86)\Skype\Phone\;C:\Program Files\nodejs\;C:\Program Files\Maven\apache-maven-3.3.9\bin;C:\Program Files\Git\bin;C:\Program Files (x86)\Microsoft SQL Server\Client SDK\ODBC\130\Tools\Binn\;C:\Program Files (x86)\Microsoft SQL Server\130\Tools\Binn\;C:\Program Files (x86)\Microsoft SQL Server\130\DTS\Binn\;C:\Program Files (x86)\Microsoft SQL Server\130\Tools\Binn\ManagementStudio\;C:\Program Files\Intel\WiFi\bin\;C:\Program Files\Common Files\Intel\WirelessCommon\;C:\Users\Saravanan Valliappan\AppData\Roaming\npm;E:\Project\ChromeDriver_2.22\;%USERPROFILE%\AppData\Local\Microsoft\WindowsApps;;E:\Project\eclipse;;."/>
    <property name="java.specification.name" value="Java Platform API Specification"/>
    <property name="java.class.version" value="52.0"/>
    <property name="sun.management.compiler" value="HotSpot 64-Bit Tiered Compilers"/>
    <property name="os.version" value="10.0"/>
    <property name="user.home" value="C:\Users\Saravanan Valliappan"/>
    <property name="user.timezone" value="Asia/Calcutta"/>
    <property name="java.awt.printerjob" value="sun.awt.windows.WPrinterJob"/>
    <property name="java.specification.version" value="1.8"/>
    <property name="file.encoding" value="Cp1252"/>
    <property name="user.name" value="Saravanan Valliappan"/>
    <property name="java.class.path" value="/E:/Project/eclipse/plugins/org.eclipse.m2e.maven.runtime_1.5.2.20150413-2214/jars/plexus-classworlds-2.5.1.jar"/>
    <property name="org.slf4j.simpleLogger.defaultLogLevel" value="info"/>
    <property name="java.vm.specification.version" value="1.8"/>
    <property name="sun.arch.data.model" value="64"/>
    <property name="java.home" value="C:\Program Files\Java\jdk1.8.0_101\jre"/>
    <property name="sun.java.command" value="org.codehaus.plexus.classworlds.launcher.Launcher -B test -Dbrowser=safari"/>
    <property name="java.specification.vendor" value="Oracle Corporation"/>
    <property name="user.language" value="en"/>
    <property name="awt.toolkit" value="sun.awt.windows.WToolkit"/>
    <property name="java.vm.info" value="mixed mode"/>
    <property name="java.version" value="1.8.0_101"/>
    <property name="java.ext.dirs" value="C:\Program Files\Java\jdk1.8.0_101\jre\lib\ext;C:\WINDOWS\Sun\Java\lib\ext"/>
    <property name="sun.boot.class.path" value="C:\Program Files\Java\jdk1.8.0_101\jre\lib\resources.jar;C:\Program Files\Java\jdk1.8.0_101\jre\lib\rt.jar;C:\Program Files\Java\jdk1.8.0_101\jre\lib\sunrsasign.jar;C:\Program Files\Java\jdk1.8.0_101\jre\lib\jsse.jar;C:\Program Files\Java\jdk1.8.0_101\jre\lib\jce.jar;C:\Program Files\Java\jdk1.8.0_101\jre\lib\charsets.jar;C:\Program Files\Java\jdk1.8.0_101\jre\lib\jfr.jar;C:\Program Files\Java\jdk1.8.0_101\jre\classes"/>
    <property name="java.vendor" value="Oracle Corporation"/>
    <property name="maven.home" value="C:\Users\Saravanan Valliappan\workspace\MINT_AccountManagement\EMBEDDED"/>
    <property name="file.separator" value="\"/>
    <property name="java.vendor.url.bug" value="http://bugreport.sun.com/bugreport/"/>
    <property name="sun.cpu.endian" value="little"/>
    <property name="sun.io.unicode.encoding" value="UnicodeLittle"/>
    <property name="sun.desktop" value="windows"/>
    <property name="sun.cpu.isalist" value="amd64"/>
  </properties>
  <testcase name="Given I navigate to the MINT Account Management" classname="Scenario: Purchasing UpData via CC" time="0">
    <error type="java.lang.ExceptionInInitializerError">java.lang.ExceptionInInitializerError
Caused by: java.lang.IllegalArgumentException: Invalid browser [safari]
</error>
    <system-out><![CDATA[Feature: MINT Account Management
one
work
]]></system-out>
  </testcase>
  <testcase name="Scenario: Purchasing UpData via CC" classname="Scenario: Purchasing UpData via CC" time="0">
    <error type="java.lang.ExceptionInInitializerError">java.lang.ExceptionInInitializerError
Caused by: java.lang.IllegalArgumentException: Invalid browser [safari]
</error>
  </testcase>
  <testcase name="When I provide &quot;6572669242&quot; in PhoneNumber field" classname="Scenario: Purchasing UpData via CC" time="0">
    <skipped/>
  </testcase>
  <testcase name="And I provide &quot;test123&quot; in Password field" classname="Scenario: Purchasing UpData via CC" time="0">
    <skipped/>
  </testcase>
  <testcase name="Then I click on LogIn button" classname="Scenario: Purchasing UpData via CC" time="0">
    <skipped/>
  </testcase>
  <testcase name="Then I should see MINT Account Management hompage &quot;/account/summary&quot;" classname="Scenario: Purchasing UpData via CC" time="0">
    <skipped/>
  </testcase>
  <testcase name="Then I should see MINT Account Management hompage &quot;/account/summary&quot;" classname="Scenario: Purchasing UpData via CC" time="0">
    <skipped/>
  </testcase>
  <testcase name="When I click on UpData button" classname="Scenario: Purchasing UpData via CC" time="0">
    <skipped/>
  </testcase>
  <testcase name="Then I should see UpData Page &quot;/account/data&quot;" classname="Scenario: Purchasing UpData via CC" time="0">
    <skipped/>
  </testcase>
  <testcase name="Then I click on Continue button for Data &quot;3GB&quot;" classname="Scenario: Purchasing UpData via CC" time="0">
    <skipped/>
  </testcase>
  <testcase name="Then I should see Checkout Page &quot;/account/checkout&quot;" classname="Scenario: Purchasing UpData via CC" time="0">
    <skipped/>
  </testcase>
  <testcase name="Then I select Payment Method as &quot;Credit Card&quot;" classname="Scenario: Purchasing UpData via CC" time="0">
    <skipped/>
  </testcase>
  <testcase name="Then I click on Purchase Now button" classname="Scenario: Purchasing UpData via CC" time="0">
    <skipped/>
  </testcase>
  <testcase name="Then I should see Success Message" classname="Scenario: Purchasing UpData via CC" time="0">
    <skipped/>
  </testcase>
  <testcase name="Then I click on Return to Account Summary button" classname="Scenario: Purchasing UpData via CC" time="0">
    <skipped/>
  </testcase>
</testsuite>